<?xml version="1.0" encoding="UTF-8"?>
<testsuite name="org.launchcode.java_proto_dodo.JavaProtoDodoApplicationTests" tests="1" skipped="0" failures="0" errors="0" timestamp="2023-10-18T02:15:29" hostname="Ds-MacBook-Air.attlocal.net" time="0.565">
  <properties/>
  <testcase name="contextLoads()" classname="org.launchcode.java_proto_dodo.JavaProtoDodoApplicationTests" time="0.565"/>
  <system-out><![CDATA[21:15:24.266 [Test worker] DEBUG org.springframework.test.context.BootstrapUtils - Instantiating CacheAwareContextLoaderDelegate from class [org.springframework.test.context.cache.DefaultCacheAwareContextLoaderDelegate]
21:15:24.284 [Test worker] DEBUG org.springframework.test.context.BootstrapUtils - Instantiating BootstrapContext using constructor [public org.springframework.test.context.support.DefaultBootstrapContext(java.lang.Class,org.springframework.test.context.CacheAwareContextLoaderDelegate)]
21:15:24.356 [Test worker] DEBUG org.springframework.test.context.BootstrapUtils - Instantiating TestContextBootstrapper for test class [org.launchcode.java_proto_dodo.JavaProtoDodoApplicationTests] from class [org.springframework.boot.test.context.SpringBootTestContextBootstrapper]
21:15:24.375 [Test worker] INFO org.springframework.boot.test.context.SpringBootTestContextBootstrapper - Neither @ContextConfiguration nor @ContextHierarchy found for test class [org.launchcode.java_proto_dodo.JavaProtoDodoApplicationTests], using SpringBootContextLoader
21:15:24.383 [Test worker] DEBUG org.springframework.test.context.support.AbstractContextLoader - Did not detect default resource location for test class [org.launchcode.java_proto_dodo.JavaProtoDodoApplicationTests]: class path resource [org/launchcode/java_proto_dodo/JavaProtoDodoApplicationTests-context.xml] does not exist
21:15:24.384 [Test worker] DEBUG org.springframework.test.context.support.AbstractContextLoader - Did not detect default resource location for test class [org.launchcode.java_proto_dodo.JavaProtoDodoApplicationTests]: class path resource [org/launchcode/java_proto_dodo/JavaProtoDodoApplicationTestsContext.groovy] does not exist
21:15:24.384 [Test worker] INFO org.springframework.test.context.support.AbstractContextLoader - Could not detect default resource locations for test class [org.launchcode.java_proto_dodo.JavaProtoDodoApplicationTests]: no resource found for suffixes {-context.xml, Context.groovy}.
21:15:24.385 [Test worker] INFO org.springframework.test.context.support.AnnotationConfigContextLoaderUtils - Could not detect default configuration classes for test class [org.launchcode.java_proto_dodo.JavaProtoDodoApplicationTests]: JavaProtoDodoApplicationTests does not declare any static, non-private, non-final, nested classes annotated with @Configuration.
21:15:24.468 [Test worker] DEBUG org.springframework.test.context.support.ActiveProfilesUtils - Could not find an 'annotation declaring class' for annotation type [org.springframework.test.context.ActiveProfiles] and class [org.launchcode.java_proto_dodo.JavaProtoDodoApplicationTests]
21:15:24.568 [Test worker] DEBUG org.springframework.context.annotation.ClassPathScanningCandidateComponentProvider - Identified candidate component class: file [/Users/danielpritt/Desktop/Dev/re_dodo/java_proto_dodo/build/classes/java/main/org/launchcode/java_proto_dodo/JavaProtoDodoApplication.class]
21:15:24.572 [Test worker] INFO org.springframework.boot.test.context.SpringBootTestContextBootstrapper - Found @SpringBootConfiguration org.launchcode.java_proto_dodo.JavaProtoDodoApplication for test class org.launchcode.java_proto_dodo.JavaProtoDodoApplicationTests
21:15:24.740 [Test worker] DEBUG org.springframework.boot.test.context.SpringBootTestContextBootstrapper - @TestExecutionListeners is not present for class [org.launchcode.java_proto_dodo.JavaProtoDodoApplicationTests]: using defaults.
21:15:24.740 [Test worker] INFO org.springframework.boot.test.context.SpringBootTestContextBootstrapper - Loaded default TestExecutionListener class names from location [META-INF/spring.factories]: [org.springframework.boot.test.autoconfigure.restdocs.RestDocsTestExecutionListener, org.springframework.boot.test.autoconfigure.web.client.MockRestServiceServerResetTestExecutionListener, org.springframework.boot.test.autoconfigure.web.servlet.MockMvcPrintOnlyOnFailureTestExecutionListener, org.springframework.boot.test.autoconfigure.web.servlet.WebDriverTestExecutionListener, org.springframework.boot.test.autoconfigure.webservices.client.MockWebServiceServerTestExecutionListener, org.springframework.boot.test.mock.mockito.MockitoTestExecutionListener, org.springframework.boot.test.mock.mockito.ResetMocksTestExecutionListener, org.springframework.test.context.web.ServletTestExecutionListener, org.springframework.test.context.support.DirtiesContextBeforeModesTestExecutionListener, org.springframework.test.context.event.ApplicationEventsTestExecutionListener, org.springframework.test.context.support.DependencyInjectionTestExecutionListener, org.springframework.test.context.support.DirtiesContextTestExecutionListener, org.springframework.test.context.transaction.TransactionalTestExecutionListener, org.springframework.test.context.jdbc.SqlScriptsTestExecutionListener, org.springframework.test.context.event.EventPublishingTestExecutionListener]
21:15:24.759 [Test worker] DEBUG org.springframework.boot.test.context.SpringBootTestContextBootstrapper - Skipping candidate TestExecutionListener [org.springframework.test.context.transaction.TransactionalTestExecutionListener] due to a missing dependency. Specify custom listener classes or make the default listener classes and their required dependencies available. Offending class: [org/springframework/transaction/TransactionDefinition]
21:15:24.760 [Test worker] DEBUG org.springframework.boot.test.context.SpringBootTestContextBootstrapper - Skipping candidate TestExecutionListener [org.springframework.test.context.jdbc.SqlScriptsTestExecutionListener] due to a missing dependency. Specify custom listener classes or make the default listener classes and their required dependencies available. Offending class: [org/springframework/transaction/interceptor/TransactionAttribute]
21:15:24.761 [Test worker] INFO org.springframework.boot.test.context.SpringBootTestContextBootstrapper - Using TestExecutionListeners: [org.springframework.test.context.web.ServletTestExecutionListener@2970a5bc, org.springframework.test.context.support.DirtiesContextBeforeModesTestExecutionListener@50305a, org.springframework.test.context.event.ApplicationEventsTestExecutionListener@72efb5c1, org.springframework.boot.test.mock.mockito.MockitoTestExecutionListener@6d511b5f, org.springframework.boot.test.autoconfigure.SpringBootDependencyInjectionTestExecutionListener@41200e0c, org.springframework.test.context.support.DirtiesContextTestExecutionListener@40f33492, org.springframework.test.context.event.EventPublishingTestExecutionListener@4fbdc0f0, org.springframework.boot.test.autoconfigure.restdocs.RestDocsTestExecutionListener@2ad3a1bb, org.springframework.boot.test.autoconfigure.web.client.MockRestServiceServerResetTestExecutionListener@6bc28a83, org.springframework.boot.test.autoconfigure.web.servlet.MockMvcPrintOnlyOnFailureTestExecutionListener@324c64cd, org.springframework.boot.test.autoconfigure.web.servlet.WebDriverTestExecutionListener@13579834, org.springframework.boot.test.autoconfigure.webservices.client.MockWebServiceServerTestExecutionListener@24be2d9c, org.springframework.boot.test.mock.mockito.ResetMocksTestExecutionListener@5bd73d1a]
21:15:24.766 [Test worker] DEBUG org.springframework.test.context.support.AbstractDirtiesContextTestExecutionListener - Before test class: context [DefaultTestContext@5af9926a testClass = JavaProtoDodoApplicationTests, testInstance = [null], testMethod = [null], testException = [null], mergedContextConfiguration = [WebMergedContextConfiguration@43c67247 testClass = JavaProtoDodoApplicationTests, locations = '{}', classes = '{class org.launchcode.java_proto_dodo.JavaProtoDodoApplication}', contextInitializerClasses = '[]', activeProfiles = '{}', propertySourceLocations = '{}', propertySourceProperties = '{org.springframework.boot.test.context.SpringBootTestContextBootstrapper=true}', contextCustomizers = set[org.springframework.boot.test.autoconfigure.actuate.metrics.MetricsExportContextCustomizerFactory$DisableMetricExportContextCustomizer@5d1659ea, org.springframework.boot.test.autoconfigure.properties.PropertyMappingContextCustomizer@0, org.springframework.boot.test.autoconfigure.web.servlet.WebDriverContextCustomizerFactory$Customizer@625abb97, org.springframework.boot.test.context.filter.ExcludeFilterContextCustomizer@55342f40, org.springframework.boot.test.json.DuplicateJsonObjectContextCustomizerFactory$DuplicateJsonObjectContextCustomizer@2a2c13a8, org.springframework.boot.test.mock.mockito.MockitoContextCustomizer@0, org.springframework.boot.test.web.client.TestRestTemplateContextCustomizer@3a3e4aff, org.springframework.boot.test.context.SpringBootTestArgs@1, org.springframework.boot.test.context.SpringBootTestWebEnvironment@10289886], resourceBasePath = 'src/main/webapp', contextLoader = 'org.springframework.boot.test.context.SpringBootContextLoader', parent = [null]], attributes = map['org.springframework.test.context.web.ServletTestExecutionListener.activateListener' -> true]], class annotated with @DirtiesContext [false] with mode [null].

  .   ____          _            __ _ _
 /\\ / ___'_ __ _ _(_)_ __  __ _ \ \ \ \
( ( )\___ | '_ | '_| | '_ \/ _` | \ \ \ \
 \\/  ___)| |_)| | | | | || (_| |  ) ) ) )
  '  |____| .__|_| |_|_| |_\__, | / / / /
 =========|_|==============|___/=/_/_/_/
 :: Spring Boot ::               (v2.7.16)

2023-10-17 21:15:25.701  INFO 7968 --- [    Test worker] o.l.j.JavaProtoDodoApplicationTests      : Starting JavaProtoDodoApplicationTests using Java 11.0.16 on Ds-MacBook-Air.attlocal.net with PID 7968 (started by danielpritt in /Users/danielpritt/Desktop/Dev/re_dodo/java_proto_dodo)
2023-10-17 21:15:25.705  INFO 7968 --- [    Test worker] o.l.j.JavaProtoDodoApplicationTests      : No active profile set, falling back to 1 default profile: "default"
2023-10-17 21:15:29.308  INFO 7968 --- [    Test worker] o.l.j.JavaProtoDodoApplicationTests      : Started JavaProtoDodoApplicationTests in 4.465 seconds (JVM running for 6.796)
]]></system-out>
  <system-err><![CDATA[]]></system-err>
</testsuite>
